# JRE version: OpenJDK Runtime Environment (8.0_242-b01) (build 1.8.0_242-release-1644-b01)
# Java VM: OpenJDK 64-Bit Server VM (25.242-b01 mixed mode windows-amd64 compressed oops)
Heap:
 PSYoungGen      total 567808K, used 182889K [0x00000000d5580000, 0x00000000ffe80000, 0x0000000100000000)
  eden space 520704K, 26% used [0x00000000d5580000,0x00000000dda2d488,0x00000000f5200000)
  from space 47104K, 99% used [0x00000000f5200000,0x00000000f7fed250,0x00000000f8000000)
  to   space 88064K, 0% used [0x00000000fa880000,0x00000000fa880000,0x00000000ffe80000)
 ParOldGen       total 567296K, used 499920K [0x0000000080000000, 0x00000000a2a00000, 0x00000000d5580000)
  object space 567296K, 88% used [0x0000000080000000,0x000000009e8342f8,0x00000000a2a00000)
 Metaspace       used 205948K, capacity 218496K, committed 219288K, reserved 1241088K
  class space    used 25625K, capacity 28044K, committed 28336K, reserved 1048576K
GC Heap History (10 events):
Event: 15677.090 GC heap before
{Heap before GC invocations=96 (full 9):
 PSYoungGen      total 587264K, used 553522K [0x00000000d5580000, 0x0000000100000000, 0x0000000100000000)
  eden space 503296K, 100% used [0x00000000d5580000,0x00000000f4100000,0x00000000f4100000)
  from space 83968K, 59% used [0x00000000fae00000,0x00000000fdf0cbd8,0x0000000100000000)
  to   space 97792K, 0% used [0x00000000f4100000,0x00000000f4100000,0x00000000fa080000)
 ParOldGen       total 567296K, used 491632K [0x0000000080000000, 0x00000000a2a00000, 0x00000000d5580000)
  object space 567296K, 86% used [0x0000000080000000,0x000000009e01c030,0x00000000a2a00000)
 Metaspace       used 202421K, capacity 213694K, committed 215576K, reserved 1236992K
  class space    used 25210K, capacity 27335K, committed 27696K, reserved 1048576K
Event: 15677.101 GC heap after
Heap after GC invocations=96 (full 9):
 PSYoungGen      total 601088K, used 12775K [0x00000000d5580000, 0x0000000100000000, 0x0000000100000000)
  eden space 503296K, 0% used [0x00000000d5580000,0x00000000d5580000,0x00000000f4100000)
  from space 97792K, 13% used [0x00000000f4100000,0x00000000f4d79e90,0x00000000fa080000)
  to   space 95232K, 0% used [0x00000000fa300000,0x00000000fa300000,0x0000000100000000)
 ParOldGen       total 567296K, used 498239K [0x0000000080000000, 0x00000000a2a00000, 0x00000000d5580000)
  object space 567296K, 87% used [0x0000000080000000,0x000000009e68fff0,0x00000000a2a00000)
 Metaspace       used 202421K, capacity 213694K, committed 215576K, reserved 1236992K
  class space    used 25210K, capacity 27335K, committed 27696K, reserved 1048576K
}
Event: 15796.104 GC heap before
{Heap before GC invocations=97 (full 9):
 PSYoungGen      total 601088K, used 516071K [0x00000000d5580000, 0x0000000100000000, 0x0000000100000000)
  eden space 503296K, 100% used [0x00000000d5580000,0x00000000f4100000,0x00000000f4100000)
  from space 97792K, 13% used [0x00000000f4100000,0x00000000f4d79e90,0x00000000fa080000)
  to   space 95232K, 0% used [0x00000000fa300000,0x00000000fa300000,0x0000000100000000)
 ParOldGen       total 567296K, used 498239K [0x0000000080000000, 0x00000000a2a00000, 0x00000000d5580000)
  object space 567296K, 87% used [0x0000000080000000,0x000000009e68fff0,0x00000000a2a00000)
 Metaspace       used 204936K, capacity 216816K, committed 218136K, reserved 1239040K
  class space    used 25534K, capacity 27831K, committed 28208K, reserved 1048576K
Event: 15796.119 GC heap after
Heap after GC invocations=97 (full 9):
 PSYoungGen      total 587264K, used 30050K [0x00000000d5580000, 0x00000000ff280000, 0x0000000100000000)
  eden space 505856K, 0% used [0x00000000d5580000,0x00000000d5580000,0x00000000f4380000)
  from space 81408K, 36% used [0x00000000fa300000,0x00000000fc058ae0,0x00000000ff280000)
  to   space 89600K, 0% used [0x00000000f4380000,0x00000000f4380000,0x00000000f9b00000)
 ParOldGen       total 567296K, used 498247K [0x0000000080000000, 0x00000000a2a00000, 0x00000000d5580000)
  object space 567296K, 87% used [0x0000000080000000,0x000000009e691ff0,0x00000000a2a00000)
 Metaspace       used 204936K, capacity 216816K, committed 218136K, reserved 1239040K
  class space    used 25534K, capacity 27831K, committed 28208K, reserved 1048576K
}
Event: 15841.792 GC heap before
{Heap before GC invocations=98 (full 9):
 PSYoungGen      total 587264K, used 535906K [0x00000000d5580000, 0x00000000ff280000, 0x0000000100000000)
  eden space 505856K, 100% used [0x00000000d5580000,0x00000000f4380000,0x00000000f4380000)
  from space 81408K, 36% used [0x00000000fa300000,0x00000000fc058ae0,0x00000000ff280000)
  to   space 89600K, 0% used [0x00000000f4380000,0x00000000f4380000,0x00000000f9b00000)
 ParOldGen       total 567296K, used 498247K [0x0000000080000000, 0x00000000a2a00000, 0x00000000d5580000)
  object space 567296K, 87% used [0x0000000080000000,0x000000009e691ff0,0x00000000a2a00000)
 Metaspace       used 205878K, capacity 218400K, committed 219288K, reserved 1241088K
  class space    used 25619K, capacity 28012K, committed 28336K, reserved 1048576K
Event: 15841.833 GC heap after
Heap after GC invocations=98 (full 9):
 PSYoungGen      total 595456K, used 45697K [0x00000000d5580000, 0x0000000100000000, 0x0000000100000000)
  eden space 505856K, 0% used [0x00000000d5580000,0x00000000d5580000,0x00000000f4380000)
  from space 89600K, 51% used [0x00000000f4380000,0x00000000f7020480,0x00000000f9b00000)
  to   space 88576K, 0% used [0x00000000fa980000,0x00000000fa980000,0x0000000100000000)
 ParOldGen       total 567296K, used 498255K [0x0000000080000000, 0x00000000a2a00000, 0x00000000d5580000)
  object space 567296K, 87% used [0x0000000080000000,0x000000009e693ff0,0x00000000a2a00000)
 Metaspace       used 205878K, capacity 218400K, committed 219288K, reserved 1241088K
  class space    used 25619K, capacity 28012K, committed 28336K, reserved 1048576K
}
Event: 15842.223 GC heap before
{Heap before GC invocations=99 (full 9):
 PSYoungGen      total 595456K, used 551553K [0x00000000d5580000, 0x0000000100000000, 0x0000000100000000)
  eden space 505856K, 100% used [0x00000000d5580000,0x00000000f4380000,0x00000000f4380000)
  from space 89600K, 51% used [0x00000000f4380000,0x00000000f7020480,0x00000000f9b00000)
  to   space 88576K, 0% used [0x00000000fa980000,0x00000000fa980000,0x0000000100000000)
 ParOldGen       total 567296K, used 498256K [0x0000000080000000, 0x00000000a2a00000, 0x00000000d5580000)
  object space 567296K, 87% used [0x0000000080000000,0x000000009e694008,0x00000000a2a00000)
 Metaspace       used 205925K, capacity 218464K, committed 219288K, reserved 1241088K
  class space    used 25621K, capacity 28012K, committed 28336K, reserved 1048576K
Event: 15842.248 GC heap after
Heap after GC invocations=99 (full 9):
 PSYoungGen      total 609280K, used 49149K [0x00000000d5580000, 0x0000000100000000, 0x0000000100000000)
  eden space 520704K, 0% used [0x00000000d5580000,0x00000000d5580000,0x00000000f5200000)
  from space 88576K, 55% used [0x00000000fa980000,0x00000000fd97f5c8,0x0000000100000000)
  to   space 89088K, 0% used [0x00000000f5200000,0x00000000f5200000,0x00000000fa900000)
 ParOldGen       total 567296K, used 498264K [0x0000000080000000, 0x00000000a2a00000, 0x00000000d5580000)
  object space 567296K, 87% used [0x0000000080000000,0x000000009e696008,0x00000000a2a00000)
 Metaspace       used 205925K, capacity 218464K, committed 219288K, reserved 1241088K
  class space    used 25621K, capacity 28012K, committed 28336K, reserved 1048576K
}
Event: 15842.666 GC heap before
{Heap before GC invocations=100 (full 9):
 PSYoungGen      total 609280K, used 569853K [0x00000000d5580000, 0x0000000100000000, 0x0000000100000000)
  eden space 520704K, 100% used [0x00000000d5580000,0x00000000f5200000,0x00000000f5200000)
  from space 88576K, 55% used [0x00000000fa980000,0x00000000fd97f5c8,0x0000000100000000)
  to   space 89088K, 0% used [0x00000000f5200000,0x00000000f5200000,0x00000000fa900000)
 ParOldGen       total 567296K, used 498265K [0x0000000080000000, 0x00000000a2a00000, 0x00000000d5580000)
  object space 567296K, 87% used [0x0000000080000000,0x000000009e696730,0x00000000a2a00000)
 Metaspace       used 205945K, capacity 218496K, committed 219288K, reserved 1241088K
  class space    used 25625K, capacity 28044K, committed 28336K, reserved 1048576K
Event: 15842.693 GC heap after
Heap after GC invocations=100 (full 9):
 PSYoungGen      total 567808K, used 47028K [0x00000000d5580000, 0x00000000ffe80000, 0x0000000100000000)
  eden space 520704K, 0% used [0x00000000d5580000,0x00000000d5580000,0x00000000f5200000)
  from space 47104K, 99% used [0x00000000f5200000,0x00000000f7fed250,0x00000000f8000000)
  to   space 88064K, 0% used [0x00000000fa880000,0x00000000fa880000,0x00000000ffe80000)
 ParOldGen       total 567296K, used 499920K [0x0000000080000000, 0x00000000a2a00000, 0x00000000d5580000)
  object space 567296K, 88% used [0x0000000080000000,0x000000009e8342f8,0x00000000a2a00000)
 Metaspace       used 205945K, capacity 218496K, committed 219288K, reserved 1241088K
  class space    used 25625K, capacity 28044K, committed 28336K, reserved 1048576K
}

